<?xml version="1.0" encoding="UTF-8"?>
<testng-results skipped="0" failed="0" ignored="0" total="0" passed="0">
  <reporter-output>
  </reporter-output>
  <suite name="EliteCarrer Automation Suite" duration-ms="7" started-at="2017-01-27T07:47:25Z" finished-at="2017-01-27T07:47:25Z">
    <groups>
    </groups>
    <test name="EliteCareer Regression Test" duration-ms="7" started-at="2017-01-27T07:47:25Z" finished-at="2017-01-27T07:47:25Z">
    </test> <!-- EliteCareer Regression Test -->
  </suite> <!-- EliteCarrer Automation Suite -->
</testng-results>
